<?xml version="1.0" encoding="UTF-8"?>
<testsuites>
  <testsuite name="acceptance" tests="1" assertions="1" failures="0" errors="0" time="1.165274">
    <testcase file="HomeCept.php" name="see if the home page is working (HomeCept.php)" assertions="1" time="1.165274"/>
  </testsuite>
  <testsuite name="functional" tests="2" assertions="1" failures="2" errors="0" time="1.236019">
    <testcase file="CreateBroadcastCept.php" name="create a new broadcast (CreateBroadcastCept.php)" assertions="0" time="1.086795">
      <failure type="Codeception\Exception\ElementNotFound">create a new broadcast (CreateBroadcastCept.php)
Link or Button by name or CSS or XPath 'Add new post' was not found on page.

C:\webroot\netdev.gamingcalendar.com\app\tests\functional\TestGuy.php:772
C:\webroot\netdev.gamingcalendar.com\app\tests\functional\_pages\AdminBroadcastPage.php:36
C:\webroot\netdev.gamingcalendar.com\app\tests\functional\CreateBroadcastCept.php:5
</failure>
    </testcase>
    <testcase file="SeeAllBroadcastsCept.php" name="see a list of broadcasts (SeeAllBroadcastsCept.php)" assertions="1" time="0.149224">
      <failure type="PHPUnit_Framework_ExpectationFailedException">see a list of broadcasts (SeeAllBroadcastsCept.php)
Failed asserting that 
--&gt;  &lt;bold&gt;/admin/broadcasts&lt;/bold&gt;&lt;info&gt;&lt;!DOCTYPE html&gt;
&lt;html&gt;
&lt;head&gt;
    &lt;meta charset="UTF-8"&gt;
    &lt;title&gt;
                &#13;
Broadcasts&#13;
    &lt;/title&gt;
    &lt;meta content='width=device-width, initial-scale=1, maximum-scale=1, user-scalable=no' name='viewport'&gt;
    &lt;!-- bootstrap 3.0.2 --&gt;
    &lt;link href="../../css/bootstrap.min.css" rel="s&lt;/info&gt;
&lt;debug&gt;[Content too long to display. See complete response in '_log' directory]&lt;/debug&gt;
--&gt; contains "all broadcast1s".

C:\webroot\netdev.gamingcalendar.com\app\tests\functional\TestGuy.php:837
C:\webroot\netdev.gamingcalendar.com\app\tests\functional\SeeAllBroadcastsCept.php:5
</failure>
    </testcase>
  </testsuite>
  <testsuite name="unit" tests="0" assertions="0" failures="0" errors="0" time="0.000000"/>
</testsuites>
